<?xml version="1.0" encoding="UTF-8"?>
<!-- Generated by org.testng.reporters.JUnitReportReporter -->
<testsuite hostname="Rahul-Sony" failures="0" tests="1" name="testCases.TC_004_SearchProductTest" time="3.346" errors="0" timestamp="2023-07-30T02:37:45 IST" skipped="0">
  <testcase classname="testCases.TC_004_SearchProductTest" name="test_pruductSearch" time="3.346"/>
</testsuite> <!-- testCases.TC_004_SearchProductTest -->
