<?xml version="1.0" encoding="UTF-8"?>
<!-- Generated by org.testng.reporters.JUnitReportReporter -->
<testsuite hostname="Rahul-Sony" failures="0" tests="1" name="testCases.TC_005_AddToCartPageTest" time="4.442" errors="0" timestamp="2023-07-30T02:38:47 IST" skipped="0">
  <testcase classname="testCases.TC_005_AddToCartPageTest" name="test_addToCart" time="4.442"/>
</testsuite> <!-- testCases.TC_005_AddToCartPageTest -->
