<?xml version="1.0" encoding="UTF-8"?>
<!-- Generated by org.testng.reporters.JUnitReportReporter -->
<testsuite hostname="Rahul-Sony" failures="0" tests="1" name="testCases.TC_002_LoginTest" time="2.885" errors="0" timestamp="2023-07-29T17:49:32 IST" skipped="0">
  <testcase classname="testCases.TC_002_LoginTest" name="test_Login" time="2.885"/>
</testsuite> <!-- testCases.TC_002_LoginTest -->
