<?xml version="1.0" encoding="UTF-8"?>
<!-- Generated by org.testng.reporters.JUnitReportReporter -->
<testsuite hostname="Rahul-Sony" failures="0" tests="1" name="testCases.TC_002_LoginTest" time="3.405" errors="0" timestamp="2023-07-29T21:44:02 IST" skipped="0">
  <testcase classname="testCases.TC_002_LoginTest" name="test_Login" time="3.405"/>
</testsuite> <!-- testCases.TC_002_LoginTest -->
