<?xml version="1.0" encoding="UTF-8"?>
<!-- Generated by org.testng.reporters.JUnitReportReporter -->
<testsuite hostname="Rahul-Sony" failures="0" tests="1" name="testCases.TC_006_EndToEndTest" time="46.038" errors="0" timestamp="2023-07-30T02:51:22 IST" skipped="0">
  <testcase classname="testCases.TC_006_EndToEndTest" name="endToendTest" time="46.038"/>
</testsuite> <!-- testCases.TC_006_EndToEndTest -->
