<?xml version="1.0" encoding="UTF-8"?>
<!-- Generated by org.testng.reporters.JUnitReportReporter -->
<testsuite hostname="Rahul-Sony" failures="0" tests="1" name="testCases.TC_002_LoginTest" time="5.092" errors="0" timestamp="2023-07-30T02:16:19 IST" skipped="0">
  <testcase classname="testCases.TC_002_LoginTest" name="test_Login" time="5.092"/>
</testsuite> <!-- testCases.TC_002_LoginTest -->
