<?xml version="1.0" encoding="UTF-8"?>
<!-- Generated by org.testng.reporters.JUnitReportReporter -->
<testsuite hostname="Rahul-Sony" failures="0" tests="1" name="testCases.TC_001_AccountRegistrationTest" time="8.709" errors="0" timestamp="2023-07-30T02:16:19 IST" skipped="0">
  <testcase classname="testCases.TC_001_AccountRegistrationTest" name="test_account_Registration" time="8.709"/>
</testsuite> <!-- testCases.TC_001_AccountRegistrationTest -->
